[15:50:14.209118] [Import] [info] (th=99679) Importing from /Users/oleg/Downloads/Looking 2.dae
[15:50:14.249403] [Import] [info] (th=99679) Imported scene tree:
name: "RootNode"

	name: "Sniper_01"
	numMeshes: 1
	 addr: "0x7fe29857e800"
	 name: "Sniper_01Mesh"
	 numVertices: "4418"
	 numFaces: "7138"
	
	
	name: "mixamorig_Hips"
	
		name: "mixamorig_Spine"
		
			name: "mixamorig_Spine1"
			
				name: "mixamorig_Spine2"
				
					name: "mixamorig_Neck"
					
						name: "mixamorig_Head"
						
							name: "mixamorig_HeadTop_End"
							
					name: "mixamorig_LeftShoulder"
					
						name: "mixamorig_LeftArm"
						
							name: "mixamorig_LeftForeArm"
							
								name: "mixamorig_LeftHand"
								
									name: "mixamorig_LeftHandThumb1"
									
										name: "mixamorig_LeftHandThumb2"
										
											name: "mixamorig_LeftHandThumb3"
											
												name: "mixamorig_LeftHandThumb4"
												
									name: "mixamorig_LeftHandIndex1"
									
										name: "mixamorig_LeftHandIndex2"
										
											name: "mixamorig_LeftHandIndex3"
											
												name: "mixamorig_LeftHandIndex4"
												
									name: "mixamorig_LeftHandMiddle1"
									
										name: "mixamorig_LeftHandMiddle2"
										
											name: "mixamorig_LeftHandMiddle3"
											
												name: "mixamorig_LeftHandMiddle4"
												
					name: "mixamorig_RightShoulder"
					
						name: "mixamorig_RightArm"
						
							name: "mixamorig_RightForeArm"
							
								name: "mixamorig_RightHand"
								
									name: "mixamorig_RightHandThumb1"
									
										name: "mixamorig_RightHandThumb2"
										
											name: "mixamorig_RightHandThumb3"
											
												name: "mixamorig_RightHandThumb4"
												
									name: "mixamorig_RightHandIndex1"
									
										name: "mixamorig_RightHandIndex2"
										
											name: "mixamorig_RightHandIndex3"
											
												name: "mixamorig_RightHandIndex4"
												
									name: "mixamorig_RightHandMiddle1"
									
										name: "mixamorig_RightHandMiddle2"
										
											name: "mixamorig_RightHandMiddle3"
											
												name: "mixamorig_RightHandMiddle4"
												
		name: "mixamorig_LeftUpLeg"
		
			name: "mixamorig_LeftLeg"
			
				name: "mixamorig_LeftFoot"
				
					name: "mixamorig_LeftToeBase"
					
						name: "mixamorig_LeftToe_End"
						
		name: "mixamorig_RightUpLeg"
		
			name: "mixamorig_RightLeg"
			
				name: "mixamorig_RightFoot"
				
					name: "mixamorig_RightToeBase"
					
						name: "mixamorig_RightToe_End"
						

[15:50:14.249416] [Import] [info] (th=99679) File loaded successfully
[15:50:14.249419] [Import] [info] (th=99679) Meshes count: 1
[15:50:14.249421] [Import] [info] (th=99679) Materials count: 1
