[11:58:48.121266] [Import] [info] (th=133246) Log level for 'Import' set to 'info'
[11:58:48.121302] [Import] [info] (th=133246) Importing from /Users/oleg/Downloads/Rifle Aiming Idle 3.dae
[11:58:48.298574] [Import] [info] (th=133246) Imported scene tree:
name: "RootNode"

	name: "Sniper_01"
	numMeshes: 1
	 addr: "0x7fee8edda600"
	 name: "Sniper_01Mesh"
	 numVertices: "4418"
	 numFaces: "7138"
	
	
	name: "mixamorig_Hips"
	
		name: "mixamorig_Spine"
		
			name: "mixamorig_Spine1"
			
				name: "mixamorig_Spine2"
				
					name: "mixamorig_Neck"
					
						name: "mixamorig_Head"
						
							name: "mixamorig_HeadTop_End"
							
					name: "mixamorig_LeftShoulder"
					
						name: "mixamorig_LeftArm"
						
							name: "mixamorig_LeftForeArm"
							
								name: "mixamorig_LeftHand"
								
									name: "mixamorig_LeftHandThumb1"
									
										name: "mixamorig_LeftHandThumb2"
										
											name: "mixamorig_LeftHandThumb3"
											
												name: "mixamorig_LeftHandThumb4"
												
									name: "mixamorig_LeftHandIndex1"
									
										name: "mixamorig_LeftHandIndex2"
										
											name: "mixamorig_LeftHandIndex3"
											
												name: "mixamorig_LeftHandIndex4"
												
									name: "mixamorig_LeftHandMiddle1"
									
										name: "mixamorig_LeftHandMiddle2"
										
											name: "mixamorig_LeftHandMiddle3"
											
												name: "mixamorig_LeftHandMiddle4"
												
					name: "mixamorig_RightShoulder"
					
						name: "mixamorig_RightArm"
						
							name: "mixamorig_RightForeArm"
							
								name: "mixamorig_RightHand"
								
									name: "mixamorig_RightHandThumb1"
									
										name: "mixamorig_RightHandThumb2"
										
											name: "mixamorig_RightHandThumb3"
											
												name: "mixamorig_RightHandThumb4"
												
									name: "mixamorig_RightHandIndex1"
									
										name: "mixamorig_RightHandIndex2"
										
											name: "mixamorig_RightHandIndex3"
											
												name: "mixamorig_RightHandIndex4"
												
									name: "mixamorig_RightHandMiddle1"
									
										name: "mixamorig_RightHandMiddle2"
										
											name: "mixamorig_RightHandMiddle3"
											
												name: "mixamorig_RightHandMiddle4"
												
		name: "mixamorig_LeftUpLeg"
		
			name: "mixamorig_LeftLeg"
			
				name: "mixamorig_LeftFoot"
				
					name: "mixamorig_LeftToeBase"
					
						name: "mixamorig_LeftToe_End"
						
		name: "mixamorig_RightUpLeg"
		
			name: "mixamorig_RightLeg"
			
				name: "mixamorig_RightFoot"
				
					name: "mixamorig_RightToeBase"
					
						name: "mixamorig_RightToe_End"
						

[11:58:48.298623] [Import] [info] (th=133246) File loaded successfully
[11:58:48.298629] [Import] [info] (th=133246) Meshes count: 1
[11:58:48.298632] [Import] [info] (th=133246) Materials count: 1
[12:00:10.075317] [Import] [info] (th=133246) Importing from /Users/oleg/Downloads/Rifle Aiming Idle 4.dae
[12:00:10.229231] [Import] [info] (th=133246) Imported scene tree:
name: "RootNode"

	name: "Sniper_01"
	numMeshes: 1
	 addr: "0x7fee4eae6e00"
	 name: "Sniper_01Mesh"
	 numVertices: "4418"
	 numFaces: "7138"
	
	
	name: "mixamorig_Hips"
	
		name: "mixamorig_Spine"
		
			name: "mixamorig_Spine1"
			
				name: "mixamorig_Spine2"
				
					name: "mixamorig_Neck"
					
						name: "mixamorig_Head"
						
							name: "mixamorig_HeadTop_End"
							
					name: "mixamorig_LeftShoulder"
					
						name: "mixamorig_LeftArm"
						
							name: "mixamorig_LeftForeArm"
							
								name: "mixamorig_LeftHand"
								
									name: "mixamorig_LeftHandThumb1"
									
										name: "mixamorig_LeftHandThumb2"
										
											name: "mixamorig_LeftHandThumb3"
											
												name: "mixamorig_LeftHandThumb4"
												
									name: "mixamorig_LeftHandIndex1"
									
										name: "mixamorig_LeftHandIndex2"
										
											name: "mixamorig_LeftHandIndex3"
											
												name: "mixamorig_LeftHandIndex4"
												
									name: "mixamorig_LeftHandMiddle1"
									
										name: "mixamorig_LeftHandMiddle2"
										
											name: "mixamorig_LeftHandMiddle3"
											
												name: "mixamorig_LeftHandMiddle4"
												
					name: "mixamorig_RightShoulder"
					
						name: "mixamorig_RightArm"
						
							name: "mixamorig_RightForeArm"
							
								name: "mixamorig_RightHand"
								
									name: "mixamorig_RightHandThumb1"
									
										name: "mixamorig_RightHandThumb2"
										
											name: "mixamorig_RightHandThumb3"
											
												name: "mixamorig_RightHandThumb4"
												
									name: "mixamorig_RightHandIndex1"
									
										name: "mixamorig_RightHandIndex2"
										
											name: "mixamorig_RightHandIndex3"
											
												name: "mixamorig_RightHandIndex4"
												
									name: "mixamorig_RightHandMiddle1"
									
										name: "mixamorig_RightHandMiddle2"
										
											name: "mixamorig_RightHandMiddle3"
											
												name: "mixamorig_RightHandMiddle4"
												
		name: "mixamorig_LeftUpLeg"
		
			name: "mixamorig_LeftLeg"
			
				name: "mixamorig_LeftFoot"
				
					name: "mixamorig_LeftToeBase"
					
						name: "mixamorig_LeftToe_End"
						
		name: "mixamorig_RightUpLeg"
		
			name: "mixamorig_RightLeg"
			
				name: "mixamorig_RightFoot"
				
					name: "mixamorig_RightToeBase"
					
						name: "mixamorig_RightToe_End"
						

[12:00:10.229264] [Import] [info] (th=133246) File loaded successfully
[12:00:10.229270] [Import] [info] (th=133246) Meshes count: 1
[12:00:10.229274] [Import] [info] (th=133246) Materials count: 1
