[10:13:21.941620] [SceneFactory] [info] (th=694084) GhostObject is created: id: 9FA9B470-D1EB-42B7-9758-099B657D6114
[12:56:41.573057] [SceneFactory] [info] (th=726136) Box is created: id: 2A0016AE-8B20-4981-9E0D-1415F7AD2D4F
[19:22:53.336145] [SceneFactory] [info] (th=1814747) GhostObject is created: id: 8580A68C-5C5B-4B27-A0B7-96BE42658FE7
[16:12:41.315756] [SceneFactory] [info] (th=87328) GhostObject is created: id: 3D99656E-929B-4034-8AD7-B54909151088
[18:40:44.186691] [SceneFactory] [info] (th=305891) GhostObject is created: id: 7B176F90-E3F7-4665-9F7C-0AACE12CD903
[22:44:59.732611] [SceneFactory] [info] (th=4529) GhostObject is created: id: 200866DB-42CE-4E3C-A882-59CF7A4E93B6
[23:32:05.678466] [SceneFactory] [info] (th=110600) GhostObject is created: id: B62B3D48-9A78-41A2-BE64-82EAC2D738C0
[10:53:39.930153] [SceneFactory] [info] (th=20656) GhostObject is created: id: B62C9481-CDF7-4AE0-A3B9-3F4CE6ABA75D
[13:19:49.308852] [SceneFactory] [info] (th=184114) Box is created: id: 825036B7-9548-407F-815C-6D02C682275F
[17:17:24.684396] [SceneFactory] [info] (th=747550) Box is created: id: B825285D-4B1A-4F4D-9A59-E4877B73E123
[18:39:39.627230] [SceneFactory] [info] (th=815051) Plane is created: id: C23A7A26-7459-4D0D-8417-9467C7E3A387
[18:55:34.986564] [SceneFactory] [info] (th=815051) GhostObject is created: id: EC1B5CB3-F00D-45AA-AEF6-689D49170A5A
[12:57:44.975261] [SceneFactory] [info] (th=11012) GhostObject is created: id: 7B418531-8838-49A3-BEC1-D22F4182CCA5
[15:03:17.965374] [SceneFactory] [info] (th=11012) GhostObject is created: id: BE67824C-A4A9-458E-9D11-286962885D10
[20:42:09.243342] [SceneFactory] [info] (th=124612) Capsule is created: id: 428EB8EF-F1D5-4903-97B0-35EB8F60AB21
[21:50:11.550042] [SceneFactory] [info] (th=304766) GhostObject is created: id: 6E12DF51-5722-46CE-B304-0334054CAC7D
[21:50:11.934979] [SceneFactory] [info] (th=304766) GhostObject is created: id: D97EB6D2-ADD4-4B68-90FC-AFCC357B0EB0
[17:23:11.698925] [SceneFactory] [info] (th=558322) Log level for 'SceneFactory' set to 'info'
[18:13:02.158493] [SceneFactory] [info] (th=842936) Log level for 'SceneFactory' set to 'info'
[18:13:02.158542] [SceneFactory] [info] (th=842936) Box is created: id: 3C2FF5BC-4D7C-41C4-A4F8-CA2E65B11776
[12:48:16.369175] [SceneFactory] [info] (th=1019077) Log level for 'SceneFactory' set to 'info'
[13:48:27.423500] [SceneFactory] [info] (th=1101019) Log level for 'SceneFactory' set to 'info'
[16:12:51.731863] [SceneFactory] [info] (th=1101019) GhostObject is created: id: 2FEF24A4-B523-4479-8E55-5B153D1215E8
[23:20:43.190975] [SceneFactory] [info] (th=31555) Log level for 'SceneFactory' set to 'info'
[11:17:49.416102] [SceneFactory] [info] (th=133246) Log level for 'SceneFactory' set to 'info'
[11:45:11.820872] [SceneFactory] [info] (th=133246) Log level for 'SceneFactory' set to 'info'
[12:09:35.149472] [SceneFactory] [info] (th=177351) Log level for 'SceneFactory' set to 'info'
